<?xml version="1.0" encoding="UTF-8"?>
<testng-results ignored="0" total="1" passed="1" failed="0" skipped="0">
  <reporter-output>
  </reporter-output>
  <suite started-at="2021-07-18T07:08:04Z" name="Suite" finished-at="2021-07-18T07:09:19Z" duration-ms="74310">
    <groups>
    </groups>
    <test started-at="2021-07-18T07:08:04Z" name="Test" finished-at="2021-07-18T07:09:19Z" duration-ms="74310">
      <class name="Automation.Batch2FinalProject.LoginTest">
        <test-method is-config="true" signature="initialize()[pri:0, instance:Automation.Batch2FinalProject.LoginTest@771158fb]" started-at="2021-07-18T07:08:04Z" name="initialize" finished-at="2021-07-18T07:08:17Z" duration-ms="12989" status="PASS">
          <reporter-output>
          </reporter-output>
        </test-method> <!-- initialize -->
        <test-method signature="navigation(java.lang.String, java.lang.String)[pri:0, instance:Automation.Batch2FinalProject.LoginTest@771158fb]" started-at="2021-07-18T07:08:17Z" name="navigation" data-provider="getData" finished-at="2021-07-18T07:09:04Z" duration-ms="46800" status="PASS">
          <params>
            <param index="0">
              <value>
                <![CDATA[engineerdiaries@gmail.com]]>
              </value>
            </param>
            <param index="1">
              <value>
                <![CDATA[Priyanka@1]]>
              </value>
            </param>
          </params>
          <reporter-output>
          </reporter-output>
        </test-method> <!-- navigation -->
        <test-method is-config="true" signature="closebrowser()[pri:0, instance:Automation.Batch2FinalProject.LoginTest@771158fb]" started-at="2021-07-18T07:09:04Z" name="closebrowser" finished-at="2021-07-18T07:09:19Z" duration-ms="14218" status="PASS">
          <reporter-output>
          </reporter-output>
        </test-method> <!-- closebrowser -->
      </class> <!-- Automation.Batch2FinalProject.LoginTest -->
    </test> <!-- Test -->
  </suite> <!-- Suite -->
</testng-results>
